2023-11-04 10:17:39,791 INFO o.s.b.StartupInfoLogger [main] Starting BinarfudBackendApplication using Java 17.0.5 with PID 9984 (D:\Projects\BinarFud\binarfud-backend\target\classes started by WIN-10 in D:\Projects\BinarFud\binarfud-backend)
2023-11-04 10:17:39,803 INFO o.s.b.SpringApplication [main] No active profile set, falling back to 1 default profile: "default"
2023-11-04 10:17:41,340 INFO o.s.d.r.c.RepositoryConfigurationDelegate [main] Bootstrapping Spring Data JPA repositories in DEFAULT mode.
2023-11-04 10:17:41,517 INFO o.s.d.r.c.RepositoryConfigurationDelegate [main] Finished Spring Data repository scanning in 157 ms. Found 5 JPA repository interfaces.
2023-11-04 10:17:42,767 INFO o.s.b.w.e.t.TomcatWebServer [main] Tomcat initialized with port(s): 8080 (http)
2023-11-04 10:17:42,835 INFO o.a.j.l.DirectJDKLog [main] Initializing ProtocolHandler ["http-nio-8080"]
2023-11-04 10:17:42,843 INFO o.a.j.l.DirectJDKLog [main] Starting service [Tomcat]
2023-11-04 10:17:42,844 INFO o.a.j.l.DirectJDKLog [main] Starting Servlet engine: [Apache Tomcat/10.1.13]
2023-11-04 10:17:43,094 INFO o.a.j.l.DirectJDKLog [main] Initializing Spring embedded WebApplicationContext
2023-11-04 10:17:43,104 INFO o.s.b.w.s.c.ServletWebServerApplicationContext [main] Root WebApplicationContext: initialization completed in 3165 ms
2023-11-04 10:17:43,412 INFO o.h.j.i.u.LogHelper [main] HHH000204: Processing PersistenceUnitInfo [name: default]
2023-11-04 10:17:43,525 INFO o.h.Version [main] HHH000412: Hibernate ORM core version 6.2.9.Final
2023-11-04 10:17:43,538 INFO o.h.c.Environment [main] HHH000406: Using bytecode reflection optimizer
2023-11-04 10:17:43,808 INFO o.h.b.i.BytecodeProviderInitiator [main] HHH000021: Bytecode provider name : bytebuddy
2023-11-04 10:17:44,057 INFO o.s.o.j.p.SpringPersistenceUnitInfo [main] No LoadTimeWeaver setup: ignoring JPA class transformer
2023-11-04 10:17:44,106 INFO c.z.h.HikariDataSource [main] HikariPool-1 - Starting...
2023-11-04 10:17:44,581 INFO c.z.h.p.HikariPool [main] HikariPool-1 - Added connection org.postgresql.jdbc.PgConnection@6aad919c
2023-11-04 10:17:44,585 INFO c.z.h.HikariDataSource [main] HikariPool-1 - Start completed.
2023-11-04 10:17:45,262 INFO o.h.b.i.BytecodeProviderInitiator [main] HHH000021: Bytecode provider name : bytebuddy
2023-11-04 10:17:46,933 INFO o.h.e.t.j.p.i.JtaPlatformInitiator [main] HHH000490: Using JtaPlatform implementation: [org.hibernate.engine.transaction.jta.platform.internal.NoJtaPlatform]
2023-11-04 10:17:47,491 INFO o.s.o.j.AbstractEntityManagerFactoryBean [main] Initialized JPA EntityManagerFactory for persistence unit 'default'
2023-11-04 10:17:48,188 INFO o.s.d.j.r.q.QueryEnhancerFactory [main] Hibernate is in classpath; If applicable, HQL parser will be used.
2023-11-04 10:17:48,654 WARN o.s.b.a.o.j.JpaBaseConfiguration$JpaWebConfiguration [main] spring.jpa.open-in-view is enabled by default. Therefore, database queries may be performed during view rendering. Explicitly configure spring.jpa.open-in-view to disable this warning
2023-11-04 10:17:49,377 INFO o.a.j.l.DirectJDKLog [main] Starting ProtocolHandler ["http-nio-8080"]
2023-11-04 10:17:49,434 INFO o.s.b.w.e.t.TomcatWebServer [main] Tomcat started on port(s): 8080 (http) with context path ''
2023-11-04 10:17:49,454 INFO o.s.b.StartupInfoLogger [main] Started BinarfudBackendApplication in 10.85 seconds (process running for 11.695)
2023-11-04 10:19:52,460 INFO o.s.o.j.AbstractEntityManagerFactoryBean [SpringApplicationShutdownHook] Closing JPA EntityManagerFactory for persistence unit 'default'
2023-11-04 10:19:52,468 INFO c.z.h.HikariDataSource [SpringApplicationShutdownHook] HikariPool-1 - Shutdown initiated...
2023-11-04 10:19:52,483 INFO c.z.h.HikariDataSource [SpringApplicationShutdownHook] HikariPool-1 - Shutdown completed.
2023-11-04 12:57:35,540 INFO o.s.b.StartupInfoLogger [main] Starting BinarfudBackendApplication using Java 17.0.5 with PID 776 (D:\Projects\BinarFud\binarfud-backend\target\classes started by WIN-10 in D:\Projects\BinarFud\binarfud-backend)
2023-11-04 12:57:35,548 INFO o.s.b.SpringApplication [main] No active profile set, falling back to 1 default profile: "default"
2023-11-04 12:57:37,604 INFO o.s.d.r.c.RepositoryConfigurationDelegate [main] Bootstrapping Spring Data JPA repositories in DEFAULT mode.
2023-11-04 12:57:37,800 INFO o.s.d.r.c.RepositoryConfigurationDelegate [main] Finished Spring Data repository scanning in 173 ms. Found 5 JPA repository interfaces.
2023-11-04 12:57:39,297 INFO o.s.b.w.e.t.TomcatWebServer [main] Tomcat initialized with port(s): 8080 (http)
2023-11-04 12:57:39,320 INFO o.a.j.l.DirectJDKLog [main] Initializing ProtocolHandler ["http-nio-8080"]
2023-11-04 12:57:39,331 INFO o.a.j.l.DirectJDKLog [main] Starting service [Tomcat]
2023-11-04 12:57:39,333 INFO o.a.j.l.DirectJDKLog [main] Starting Servlet engine: [Apache Tomcat/10.1.13]
2023-11-04 12:57:39,671 INFO o.a.j.l.DirectJDKLog [main] Initializing Spring embedded WebApplicationContext
2023-11-04 12:57:39,675 INFO o.s.b.w.s.c.ServletWebServerApplicationContext [main] Root WebApplicationContext: initialization completed in 3957 ms
2023-11-04 12:57:40,051 INFO o.h.j.i.u.LogHelper [main] HHH000204: Processing PersistenceUnitInfo [name: default]
2023-11-04 12:57:40,228 INFO o.h.Version [main] HHH000412: Hibernate ORM core version 6.2.9.Final
2023-11-04 12:57:40,234 INFO o.h.c.Environment [main] HHH000406: Using bytecode reflection optimizer
2023-11-04 12:57:40,655 INFO o.h.b.i.BytecodeProviderInitiator [main] HHH000021: Bytecode provider name : bytebuddy
2023-11-04 12:57:41,048 INFO o.s.o.j.p.SpringPersistenceUnitInfo [main] No LoadTimeWeaver setup: ignoring JPA class transformer
2023-11-04 12:57:41,093 INFO c.z.h.HikariDataSource [main] HikariPool-1 - Starting...
2023-11-04 12:57:41,643 INFO c.z.h.p.HikariPool [main] HikariPool-1 - Added connection org.postgresql.jdbc.PgConnection@8432469
2023-11-04 12:57:41,648 INFO c.z.h.HikariDataSource [main] HikariPool-1 - Start completed.
2023-11-04 12:57:42,463 INFO o.h.b.i.BytecodeProviderInitiator [main] HHH000021: Bytecode provider name : bytebuddy
2023-11-04 12:57:44,480 INFO o.h.e.t.j.p.i.JtaPlatformInitiator [main] HHH000490: Using JtaPlatform implementation: [org.hibernate.engine.transaction.jta.platform.internal.NoJtaPlatform]
2023-11-04 12:57:44,918 INFO o.s.o.j.AbstractEntityManagerFactoryBean [main] Initialized JPA EntityManagerFactory for persistence unit 'default'
2023-11-04 12:57:45,812 INFO o.s.d.j.r.q.QueryEnhancerFactory [main] Hibernate is in classpath; If applicable, HQL parser will be used.
2023-11-04 12:57:46,463 WARN o.s.b.a.o.j.JpaBaseConfiguration$JpaWebConfiguration [main] spring.jpa.open-in-view is enabled by default. Therefore, database queries may be performed during view rendering. Explicitly configure spring.jpa.open-in-view to disable this warning
2023-11-04 12:57:47,954 INFO o.a.j.l.DirectJDKLog [main] Starting ProtocolHandler ["http-nio-8080"]
2023-11-04 12:57:48,055 INFO o.s.b.w.e.t.TomcatWebServer [main] Tomcat started on port(s): 8080 (http) with context path ''
2023-11-04 12:57:48,118 INFO o.s.b.StartupInfoLogger [main] Started BinarfudBackendApplication in 14.078 seconds (process running for 15.812)
2023-11-04 13:05:34,963 INFO o.s.o.j.AbstractEntityManagerFactoryBean [SpringApplicationShutdownHook] Closing JPA EntityManagerFactory for persistence unit 'default'
2023-11-04 13:05:35,289 INFO c.z.h.HikariDataSource [SpringApplicationShutdownHook] HikariPool-1 - Shutdown initiated...
2023-11-04 13:05:35,304 INFO c.z.h.HikariDataSource [SpringApplicationShutdownHook] HikariPool-1 - Shutdown completed.
2023-11-04 13:19:04,860 INFO o.s.b.StartupInfoLogger [main] Starting MerchantServiceTest using Java 17.0.5 with PID 10936 (started by WIN-10 in D:\Projects\BinarFud\binarfud-backend)
2023-11-04 13:19:04,878 INFO o.s.b.SpringApplication [main] No active profile set, falling back to 1 default profile: "default"
2023-11-04 13:19:08,108 INFO o.s.d.r.c.RepositoryConfigurationDelegate [main] Bootstrapping Spring Data JPA repositories in DEFAULT mode.
2023-11-04 13:19:08,562 INFO o.s.d.r.c.RepositoryConfigurationDelegate [main] Finished Spring Data repository scanning in 421 ms. Found 5 JPA repository interfaces.
2023-11-04 13:19:23,031 INFO o.h.j.i.u.LogHelper [main] HHH000204: Processing PersistenceUnitInfo [name: default]
2023-11-04 13:19:23,593 INFO o.h.Version [main] HHH000412: Hibernate ORM core version 6.2.9.Final
2023-11-04 13:19:23,593 INFO o.h.c.Environment [main] HHH000406: Using bytecode reflection optimizer
2023-11-04 13:19:24,308 INFO o.h.b.i.BytecodeProviderInitiator [main] HHH000021: Bytecode provider name : bytebuddy
2023-11-04 13:19:24,709 INFO o.s.o.j.p.SpringPersistenceUnitInfo [main] No LoadTimeWeaver setup: ignoring JPA class transformer
2023-11-04 13:19:24,756 INFO c.z.h.HikariDataSource [main] HikariPool-1 - Starting...
2023-11-04 13:19:25,544 INFO c.z.h.p.HikariPool [main] HikariPool-1 - Added connection org.postgresql.jdbc.PgConnection@64fdcf99
2023-11-04 13:19:25,544 INFO c.z.h.HikariDataSource [main] HikariPool-1 - Start completed.
2023-11-04 13:19:26,649 INFO o.h.b.i.BytecodeProviderInitiator [main] HHH000021: Bytecode provider name : bytebuddy
2023-11-04 13:19:29,222 INFO o.h.e.t.j.p.i.JtaPlatformInitiator [main] HHH000490: Using JtaPlatform implementation: [org.hibernate.engine.transaction.jta.platform.internal.NoJtaPlatform]
2023-11-04 13:19:29,605 INFO o.s.o.j.AbstractEntityManagerFactoryBean [main] Initialized JPA EntityManagerFactory for persistence unit 'default'
2023-11-04 13:19:30,754 INFO o.s.d.j.r.q.QueryEnhancerFactory [main] Hibernate is in classpath; If applicable, HQL parser will be used.
2023-11-04 13:19:31,859 WARN o.s.b.a.o.j.JpaBaseConfiguration$JpaWebConfiguration [main] spring.jpa.open-in-view is enabled by default. Therefore, database queries may be performed during view rendering. Explicitly configure spring.jpa.open-in-view to disable this warning
2023-11-04 13:19:33,315 INFO o.s.b.StartupInfoLogger [main] Started MerchantServiceTest in 30.753 seconds (process running for 34.678)
2023-11-04 13:19:35,198 INFO o.s.o.j.AbstractEntityManagerFactoryBean [SpringApplicationShutdownHook] Closing JPA EntityManagerFactory for persistence unit 'default'
2023-11-04 13:19:35,198 INFO c.z.h.HikariDataSource [SpringApplicationShutdownHook] HikariPool-1 - Shutdown initiated...
2023-11-04 13:19:35,214 INFO c.z.h.HikariDataSource [SpringApplicationShutdownHook] HikariPool-1 - Shutdown completed.
2023-11-04 13:21:50,762 INFO o.s.b.StartupInfoLogger [main] Starting MerchantServiceTest using Java 17.0.5 with PID 8804 (started by WIN-10 in D:\Projects\BinarFud\binarfud-backend)
2023-11-04 13:21:50,762 INFO o.s.b.SpringApplication [main] No active profile set, falling back to 1 default profile: "default"
2023-11-04 13:21:53,373 INFO o.s.d.r.c.RepositoryConfigurationDelegate [main] Bootstrapping Spring Data JPA repositories in DEFAULT mode.
2023-11-04 13:21:53,701 INFO o.s.d.r.c.RepositoryConfigurationDelegate [main] Finished Spring Data repository scanning in 301 ms. Found 5 JPA repository interfaces.
2023-11-04 13:21:55,185 INFO o.h.j.i.u.LogHelper [main] HHH000204: Processing PersistenceUnitInfo [name: default]
2023-11-04 13:21:55,326 INFO o.h.Version [main] HHH000412: Hibernate ORM core version 6.2.9.Final
2023-11-04 13:21:55,341 INFO o.h.c.Environment [main] HHH000406: Using bytecode reflection optimizer
2023-11-04 13:21:55,904 INFO o.h.b.i.BytecodeProviderInitiator [main] HHH000021: Bytecode provider name : bytebuddy
2023-11-04 13:21:56,216 INFO o.s.o.j.p.SpringPersistenceUnitInfo [main] No LoadTimeWeaver setup: ignoring JPA class transformer
2023-11-04 13:21:56,263 INFO c.z.h.HikariDataSource [main] HikariPool-1 - Starting...
2023-11-04 13:21:57,004 INFO c.z.h.p.HikariPool [main] HikariPool-1 - Added connection org.postgresql.jdbc.PgConnection@4fd80300
2023-11-04 13:21:57,020 INFO c.z.h.HikariDataSource [main] HikariPool-1 - Start completed.
2023-11-04 13:21:58,064 INFO o.h.b.i.BytecodeProviderInitiator [main] HHH000021: Bytecode provider name : bytebuddy
2023-11-04 13:22:00,315 INFO o.h.e.t.j.p.i.JtaPlatformInitiator [main] HHH000490: Using JtaPlatform implementation: [org.hibernate.engine.transaction.jta.platform.internal.NoJtaPlatform]
2023-11-04 13:22:00,643 INFO o.s.o.j.AbstractEntityManagerFactoryBean [main] Initialized JPA EntityManagerFactory for persistence unit 'default'
2023-11-04 13:22:01,846 INFO o.s.d.j.r.q.QueryEnhancerFactory [main] Hibernate is in classpath; If applicable, HQL parser will be used.
2023-11-04 13:22:03,199 WARN o.s.b.a.o.j.JpaBaseConfiguration$JpaWebConfiguration [main] spring.jpa.open-in-view is enabled by default. Therefore, database queries may be performed during view rendering. Explicitly configure spring.jpa.open-in-view to disable this warning
2023-11-04 13:22:04,778 INFO o.s.b.StartupInfoLogger [main] Started MerchantServiceTest in 15.441 seconds (process running for 18.297)
2023-11-04 13:22:06,542 INFO o.s.o.j.AbstractEntityManagerFactoryBean [SpringApplicationShutdownHook] Closing JPA EntityManagerFactory for persistence unit 'default'
2023-11-04 13:22:06,552 INFO c.z.h.HikariDataSource [SpringApplicationShutdownHook] HikariPool-1 - Shutdown initiated...
2023-11-04 13:22:06,576 INFO c.z.h.HikariDataSource [SpringApplicationShutdownHook] HikariPool-1 - Shutdown completed.
2023-11-04 13:27:29,732 INFO o.s.b.StartupInfoLogger [main] Starting MerchantServiceTest using Java 17.0.5 with PID 7808 (started by WIN-10 in D:\Projects\BinarFud\binarfud-backend)
2023-11-04 13:27:29,732 INFO o.s.b.SpringApplication [main] No active profile set, falling back to 1 default profile: "default"
2023-11-04 13:27:32,586 INFO o.s.d.r.c.RepositoryConfigurationDelegate [main] Bootstrapping Spring Data JPA repositories in DEFAULT mode.
2023-11-04 13:27:32,847 INFO o.s.d.r.c.RepositoryConfigurationDelegate [main] Finished Spring Data repository scanning in 216 ms. Found 5 JPA repository interfaces.
2023-11-04 13:27:34,293 INFO o.h.j.i.u.LogHelper [main] HHH000204: Processing PersistenceUnitInfo [name: default]
2023-11-04 13:27:34,523 INFO o.h.Version [main] HHH000412: Hibernate ORM core version 6.2.9.Final
2023-11-04 13:27:34,523 INFO o.h.c.Environment [main] HHH000406: Using bytecode reflection optimizer
2023-11-04 13:27:35,154 INFO o.h.b.i.BytecodeProviderInitiator [main] HHH000021: Bytecode provider name : bytebuddy
2023-11-04 13:27:35,687 INFO o.s.o.j.p.SpringPersistenceUnitInfo [main] No LoadTimeWeaver setup: ignoring JPA class transformer
2023-11-04 13:27:35,735 INFO c.z.h.HikariDataSource [main] HikariPool-1 - Starting...
2023-11-04 13:27:36,424 INFO c.z.h.p.HikariPool [main] HikariPool-1 - Added connection org.postgresql.jdbc.PgConnection@9c0d0bd
2023-11-04 13:27:36,424 INFO c.z.h.HikariDataSource [main] HikariPool-1 - Start completed.
2023-11-04 13:27:37,426 INFO o.h.b.i.BytecodeProviderInitiator [main] HHH000021: Bytecode provider name : bytebuddy
2023-11-04 13:27:39,728 INFO o.h.e.t.j.p.i.JtaPlatformInitiator [main] HHH000490: Using JtaPlatform implementation: [org.hibernate.engine.transaction.jta.platform.internal.NoJtaPlatform]
2023-11-04 13:27:40,005 INFO o.s.o.j.AbstractEntityManagerFactoryBean [main] Initialized JPA EntityManagerFactory for persistence unit 'default'
2023-11-04 13:27:41,306 INFO o.s.d.j.r.q.QueryEnhancerFactory [main] Hibernate is in classpath; If applicable, HQL parser will be used.
2023-11-04 13:27:42,656 WARN o.s.b.a.o.j.JpaBaseConfiguration$JpaWebConfiguration [main] spring.jpa.open-in-view is enabled by default. Therefore, database queries may be performed during view rendering. Explicitly configure spring.jpa.open-in-view to disable this warning
2023-11-04 13:27:44,162 INFO o.s.b.StartupInfoLogger [main] Started MerchantServiceTest in 15.656 seconds (process running for 18.509)
2023-11-04 13:27:45,772 INFO o.s.o.j.AbstractEntityManagerFactoryBean [SpringApplicationShutdownHook] Closing JPA EntityManagerFactory for persistence unit 'default'
2023-11-04 13:27:45,781 INFO c.z.h.HikariDataSource [SpringApplicationShutdownHook] HikariPool-1 - Shutdown initiated...
2023-11-04 13:27:45,810 INFO c.z.h.HikariDataSource [SpringApplicationShutdownHook] HikariPool-1 - Shutdown completed.
