2023-10-23 19:58:56,830 INFO o.s.b.StartupInfoLogger [main] Starting MerchantServiceTest using Java 17.0.5 with PID 12124 (started by WIN-10 in D:\SYNRGY\material\challenges\synrgy-challenges-alfrendo\Challenge_4)
2023-10-23 19:58:56,837 INFO o.s.b.SpringApplication [main] No active profile set, falling back to 1 default profile: "default"
2023-10-23 19:58:59,222 INFO o.s.d.r.c.RepositoryConfigurationDelegate [main] Bootstrapping Spring Data JPA repositories in DEFAULT mode.
2023-10-23 19:58:59,730 INFO o.s.d.r.c.RepositoryConfigurationDelegate [main] Finished Spring Data repository scanning in 460 ms. Found 2 JPA repository interfaces.
2023-10-23 19:59:07,037 INFO o.h.j.i.u.LogHelper [main] HHH000204: Processing PersistenceUnitInfo [name: default]
2023-10-23 19:59:07,316 INFO o.h.Version [main] HHH000412: Hibernate ORM core version 6.2.9.Final
2023-10-23 19:59:07,324 INFO o.h.c.Environment [main] HHH000406: Using bytecode reflection optimizer
2023-10-23 19:59:07,809 INFO o.h.b.i.BytecodeProviderInitiator [main] HHH000021: Bytecode provider name : bytebuddy
2023-10-23 19:59:07,836 INFO o.s.o.j.p.SpringPersistenceUnitInfo [main] No LoadTimeWeaver setup: ignoring JPA class transformer
2023-10-23 19:59:07,905 INFO c.z.h.HikariDataSource [main] HikariPool-1 - Starting...
2023-10-23 19:59:09,702 INFO c.z.h.p.HikariPool [main] HikariPool-1 - Added connection org.postgresql.jdbc.PgConnection@51cca357
2023-10-23 19:59:09,705 INFO c.z.h.HikariDataSource [main] HikariPool-1 - Start completed.
2023-10-23 19:59:11,007 INFO o.h.b.i.BytecodeProviderInitiator [main] HHH000021: Bytecode provider name : bytebuddy
2023-10-23 19:59:12,275 INFO o.h.e.t.j.p.i.JtaPlatformInitiator [main] HHH000490: Using JtaPlatform implementation: [org.hibernate.engine.transaction.jta.platform.internal.NoJtaPlatform]
2023-10-23 19:59:12,583 INFO o.s.o.j.AbstractEntityManagerFactoryBean [main] Initialized JPA EntityManagerFactory for persistence unit 'default'
2023-10-23 19:59:13,946 WARN o.s.b.a.o.j.JpaBaseConfiguration$JpaWebConfiguration [main] spring.jpa.open-in-view is enabled by default. Therefore, database queries may be performed during view rendering. Explicitly configure spring.jpa.open-in-view to disable this warning
2023-10-23 19:59:15,498 INFO o.s.b.StartupInfoLogger [main] Started MerchantServiceTest in 19.679 seconds (process running for 22.752)
2023-10-23 19:59:16,097 INFO o.s.o.j.AbstractEntityManagerFactoryBean [SpringApplicationShutdownHook] Closing JPA EntityManagerFactory for persistence unit 'default'
2023-10-23 19:59:16,107 INFO c.z.h.HikariDataSource [SpringApplicationShutdownHook] HikariPool-1 - Shutdown initiated...
2023-10-23 19:59:16,133 INFO c.z.h.HikariDataSource [SpringApplicationShutdownHook] HikariPool-1 - Shutdown completed.
2023-10-23 19:59:59,166 INFO o.s.b.StartupInfoLogger [main] Starting Challenge4Application using Java 17.0.5 with PID 11288 (D:\SYNRGY\material\challenges\synrgy-challenges-alfrendo\Challenge_4\target\classes started by WIN-10 in D:\SYNRGY\material\challenges\synrgy-challenges-alfrendo\Challenge_4)
2023-10-23 19:59:59,178 INFO o.s.b.SpringApplication [main] No active profile set, falling back to 1 default profile: "default"
2023-10-23 20:00:01,895 INFO o.s.d.r.c.RepositoryConfigurationDelegate [main] Bootstrapping Spring Data JPA repositories in DEFAULT mode.
2023-10-23 20:00:02,283 INFO o.s.d.r.c.RepositoryConfigurationDelegate [main] Finished Spring Data repository scanning in 353 ms. Found 2 JPA repository interfaces.
2023-10-23 20:00:04,296 INFO o.s.b.w.e.t.TomcatWebServer [main] Tomcat initialized with port(s): 8080 (http)
2023-10-23 20:00:04,320 INFO o.a.j.l.DirectJDKLog [main] Initializing ProtocolHandler ["http-nio-8080"]
2023-10-23 20:00:04,328 INFO o.a.j.l.DirectJDKLog [main] Starting service [Tomcat]
2023-10-23 20:00:04,330 INFO o.a.j.l.DirectJDKLog [main] Starting Servlet engine: [Apache Tomcat/10.1.13]
2023-10-23 20:00:04,621 INFO o.a.j.l.DirectJDKLog [main] Initializing Spring embedded WebApplicationContext
2023-10-23 20:00:04,625 INFO o.s.b.w.s.c.ServletWebServerApplicationContext [main] Root WebApplicationContext: initialization completed in 5290 ms
2023-10-23 20:00:05,182 INFO o.h.j.i.u.LogHelper [main] HHH000204: Processing PersistenceUnitInfo [name: default]
2023-10-23 20:00:05,396 INFO o.h.Version [main] HHH000412: Hibernate ORM core version 6.2.9.Final
2023-10-23 20:00:05,403 INFO o.h.c.Environment [main] HHH000406: Using bytecode reflection optimizer
2023-10-23 20:00:05,949 INFO o.h.b.i.BytecodeProviderInitiator [main] HHH000021: Bytecode provider name : bytebuddy
2023-10-23 20:00:06,320 INFO o.s.o.j.p.SpringPersistenceUnitInfo [main] No LoadTimeWeaver setup: ignoring JPA class transformer
2023-10-23 20:00:06,367 INFO c.z.h.HikariDataSource [main] HikariPool-1 - Starting...
2023-10-23 20:00:06,916 INFO c.z.h.p.HikariPool [main] HikariPool-1 - Added connection org.postgresql.jdbc.PgConnection@30ec211a
2023-10-23 20:00:06,920 INFO c.z.h.HikariDataSource [main] HikariPool-1 - Start completed.
2023-10-23 20:00:08,271 INFO o.h.b.i.BytecodeProviderInitiator [main] HHH000021: Bytecode provider name : bytebuddy
2023-10-23 20:00:10,108 INFO o.h.e.t.j.p.i.JtaPlatformInitiator [main] HHH000490: Using JtaPlatform implementation: [org.hibernate.engine.transaction.jta.platform.internal.NoJtaPlatform]
2023-10-23 20:00:10,517 INFO o.s.o.j.AbstractEntityManagerFactoryBean [main] Initialized JPA EntityManagerFactory for persistence unit 'default'
2023-10-23 20:00:11,566 WARN o.s.b.a.o.j.JpaBaseConfiguration$JpaWebConfiguration [main] spring.jpa.open-in-view is enabled by default. Therefore, database queries may be performed during view rendering. Explicitly configure spring.jpa.open-in-view to disable this warning
2023-10-23 20:00:12,397 INFO o.a.j.l.DirectJDKLog [main] Starting ProtocolHandler ["http-nio-8080"]
2023-10-23 20:00:12,447 INFO o.s.b.w.e.t.TomcatWebServer [main] Tomcat started on port(s): 8080 (http) with context path ''
2023-10-23 20:00:12,467 INFO o.s.b.StartupInfoLogger [main] Started Challenge4Application in 15.499 seconds (process running for 18.226)
2023-10-23 20:00:48,953 INFO o.a.j.l.DirectJDKLog [http-nio-8080-exec-2] Initializing Spring DispatcherServlet 'dispatcherServlet'
2023-10-23 20:00:48,956 INFO o.s.w.s.FrameworkServlet [http-nio-8080-exec-2] Initializing Servlet 'dispatcherServlet'
2023-10-23 20:00:48,971 INFO o.s.w.s.FrameworkServlet [http-nio-8080-exec-2] Completed initialization in 13 ms
2023-10-23 20:00:49,402 INFO c.a.c.c.ProductController [http-nio-8080-exec-2] Merchant Id -> 9cb5e94c-f715-4f8f-a124-857240422d6c
2023-10-23 20:00:49,403 INFO c.a.c.c.ProductController [http-nio-8080-exec-2] Create Product Request -> CreateProductRecordRequest[productName=Keripik Ubi, price=5000]
2023-10-23 20:05:48,318 INFO o.s.o.j.AbstractEntityManagerFactoryBean [SpringApplicationShutdownHook] Closing JPA EntityManagerFactory for persistence unit 'default'
2023-10-23 20:05:48,320 INFO c.z.h.HikariDataSource [SpringApplicationShutdownHook] HikariPool-1 - Shutdown initiated...
2023-10-23 20:05:48,325 INFO c.z.h.HikariDataSource [SpringApplicationShutdownHook] HikariPool-1 - Shutdown completed.
2023-10-23 20:24:06,560 INFO o.s.b.StartupInfoLogger [main] Starting Challenge4Application using Java 17.0.5 with PID 1224 (D:\SYNRGY\material\challenges\synrgy-challenges-alfrendo\Challenge_4\target\classes started by WIN-10 in D:\SYNRGY\material\challenges\synrgy-challenges-alfrendo\Challenge_4)
2023-10-23 20:24:06,570 INFO o.s.b.SpringApplication [main] No active profile set, falling back to 1 default profile: "default"
2023-10-23 20:24:08,380 INFO o.s.d.r.c.RepositoryConfigurationDelegate [main] Bootstrapping Spring Data JPA repositories in DEFAULT mode.
2023-10-23 20:24:08,547 INFO o.s.d.r.c.RepositoryConfigurationDelegate [main] Finished Spring Data repository scanning in 144 ms. Found 2 JPA repository interfaces.
2023-10-23 20:24:09,870 INFO o.s.b.w.e.t.TomcatWebServer [main] Tomcat initialized with port(s): 8080 (http)
2023-10-23 20:24:09,897 INFO o.a.j.l.DirectJDKLog [main] Initializing ProtocolHandler ["http-nio-8080"]
2023-10-23 20:24:09,904 INFO o.a.j.l.DirectJDKLog [main] Starting service [Tomcat]
2023-10-23 20:24:09,905 INFO o.a.j.l.DirectJDKLog [main] Starting Servlet engine: [Apache Tomcat/10.1.13]
2023-10-23 20:24:10,163 INFO o.a.j.l.DirectJDKLog [main] Initializing Spring embedded WebApplicationContext
2023-10-23 20:24:10,167 INFO o.s.b.w.s.c.ServletWebServerApplicationContext [main] Root WebApplicationContext: initialization completed in 3426 ms
2023-10-23 20:24:10,599 INFO o.h.j.i.u.LogHelper [main] HHH000204: Processing PersistenceUnitInfo [name: default]
2023-10-23 20:24:10,866 INFO o.h.Version [main] HHH000412: Hibernate ORM core version 6.2.9.Final
2023-10-23 20:24:10,873 INFO o.h.c.Environment [main] HHH000406: Using bytecode reflection optimizer
2023-10-23 20:24:11,349 INFO o.h.b.i.BytecodeProviderInitiator [main] HHH000021: Bytecode provider name : bytebuddy
2023-10-23 20:24:12,061 INFO o.s.o.j.p.SpringPersistenceUnitInfo [main] No LoadTimeWeaver setup: ignoring JPA class transformer
2023-10-23 20:24:12,110 INFO c.z.h.HikariDataSource [main] HikariPool-1 - Starting...
2023-10-23 20:24:12,764 INFO c.z.h.p.HikariPool [main] HikariPool-1 - Added connection org.postgresql.jdbc.PgConnection@36dafa24
2023-10-23 20:24:12,769 INFO c.z.h.HikariDataSource [main] HikariPool-1 - Start completed.
2023-10-23 20:24:13,659 INFO o.h.b.i.BytecodeProviderInitiator [main] HHH000021: Bytecode provider name : bytebuddy
2023-10-23 20:24:15,892 INFO o.h.e.t.j.p.i.JtaPlatformInitiator [main] HHH000490: Using JtaPlatform implementation: [org.hibernate.engine.transaction.jta.platform.internal.NoJtaPlatform]
2023-10-23 20:24:16,410 INFO o.s.o.j.AbstractEntityManagerFactoryBean [main] Initialized JPA EntityManagerFactory for persistence unit 'default'
2023-10-23 20:24:17,421 WARN o.s.b.a.o.j.JpaBaseConfiguration$JpaWebConfiguration [main] spring.jpa.open-in-view is enabled by default. Therefore, database queries may be performed during view rendering. Explicitly configure spring.jpa.open-in-view to disable this warning
2023-10-23 20:24:18,432 INFO o.a.j.l.DirectJDKLog [main] Starting ProtocolHandler ["http-nio-8080"]
2023-10-23 20:24:18,485 INFO o.s.b.w.e.t.TomcatWebServer [main] Tomcat started on port(s): 8080 (http) with context path ''
2023-10-23 20:24:18,505 INFO o.s.b.StartupInfoLogger [main] Started Challenge4Application in 13.626 seconds (process running for 15.733)
2023-10-23 20:26:57,722 INFO o.a.j.l.DirectJDKLog [http-nio-8080-exec-1] Initializing Spring DispatcherServlet 'dispatcherServlet'
2023-10-23 20:26:57,723 INFO o.s.w.s.FrameworkServlet [http-nio-8080-exec-1] Initializing Servlet 'dispatcherServlet'
2023-10-23 20:26:57,726 INFO o.s.w.s.FrameworkServlet [http-nio-8080-exec-1] Completed initialization in 3 ms
2023-10-23 20:55:59,542 INFO o.s.o.j.AbstractEntityManagerFactoryBean [SpringApplicationShutdownHook] Closing JPA EntityManagerFactory for persistence unit 'default'
2023-10-23 20:55:59,545 INFO c.z.h.HikariDataSource [SpringApplicationShutdownHook] HikariPool-1 - Shutdown initiated...
2023-10-23 20:55:59,550 INFO c.z.h.HikariDataSource [SpringApplicationShutdownHook] HikariPool-1 - Shutdown completed.
2023-10-23 22:12:08,202 INFO o.s.b.StartupInfoLogger [main] Starting Challenge4Application using Java 17.0.5 with PID 12096 (D:\SYNRGY\material\challenges\synrgy-challenges-alfrendo\Challenge_4\target\classes started by WIN-10 in D:\SYNRGY\material\challenges\synrgy-challenges-alfrendo\Challenge_4)
2023-10-23 22:12:08,206 INFO o.s.b.SpringApplication [main] No active profile set, falling back to 1 default profile: "default"
2023-10-23 22:12:09,145 INFO o.s.d.r.c.RepositoryConfigurationDelegate [main] Bootstrapping Spring Data JPA repositories in DEFAULT mode.
2023-10-23 22:12:09,256 INFO o.s.d.r.c.RepositoryConfigurationDelegate [main] Finished Spring Data repository scanning in 100 ms. Found 2 JPA repository interfaces.
2023-10-23 22:12:10,132 INFO o.s.b.w.e.t.TomcatWebServer [main] Tomcat initialized with port(s): 8080 (http)
2023-10-23 22:12:10,152 INFO o.a.j.l.DirectJDKLog [main] Initializing ProtocolHandler ["http-nio-8080"]
2023-10-23 22:12:10,156 INFO o.a.j.l.DirectJDKLog [main] Starting service [Tomcat]
2023-10-23 22:12:10,157 INFO o.a.j.l.DirectJDKLog [main] Starting Servlet engine: [Apache Tomcat/10.1.13]
2023-10-23 22:12:10,275 INFO o.a.j.l.DirectJDKLog [main] Initializing Spring embedded WebApplicationContext
2023-10-23 22:12:10,275 INFO o.s.b.w.s.c.ServletWebServerApplicationContext [main] Root WebApplicationContext: initialization completed in 1997 ms
2023-10-23 22:12:10,557 INFO o.h.j.i.u.LogHelper [main] HHH000204: Processing PersistenceUnitInfo [name: default]
2023-10-23 22:12:10,720 INFO o.h.Version [main] HHH000412: Hibernate ORM core version 6.2.9.Final
2023-10-23 22:12:10,724 INFO o.h.c.Environment [main] HHH000406: Using bytecode reflection optimizer
2023-10-23 22:12:11,112 INFO o.h.b.i.BytecodeProviderInitiator [main] HHH000021: Bytecode provider name : bytebuddy
2023-10-23 22:12:11,483 INFO o.s.o.j.p.SpringPersistenceUnitInfo [main] No LoadTimeWeaver setup: ignoring JPA class transformer
2023-10-23 22:12:11,511 INFO c.z.h.HikariDataSource [main] HikariPool-1 - Starting...
2023-10-23 22:12:11,894 INFO c.z.h.p.HikariPool [main] HikariPool-1 - Added connection org.postgresql.jdbc.PgConnection@54567b05
2023-10-23 22:12:11,896 INFO c.z.h.HikariDataSource [main] HikariPool-1 - Start completed.
2023-10-23 22:12:12,417 INFO o.h.b.i.BytecodeProviderInitiator [main] HHH000021: Bytecode provider name : bytebuddy
2023-10-23 22:12:13,654 INFO o.h.e.t.j.p.i.JtaPlatformInitiator [main] HHH000490: Using JtaPlatform implementation: [org.hibernate.engine.transaction.jta.platform.internal.NoJtaPlatform]
2023-10-23 22:12:13,955 INFO o.s.o.j.AbstractEntityManagerFactoryBean [main] Initialized JPA EntityManagerFactory for persistence unit 'default'
2023-10-23 22:12:14,446 WARN o.s.b.a.o.j.JpaBaseConfiguration$JpaWebConfiguration [main] spring.jpa.open-in-view is enabled by default. Therefore, database queries may be performed during view rendering. Explicitly configure spring.jpa.open-in-view to disable this warning
2023-10-23 22:12:15,279 INFO o.a.j.l.DirectJDKLog [main] Starting ProtocolHandler ["http-nio-8080"]
2023-10-23 22:12:15,306 INFO o.s.b.w.e.t.TomcatWebServer [main] Tomcat started on port(s): 8080 (http) with context path ''
2023-10-23 22:12:15,314 INFO o.s.b.StartupInfoLogger [main] Started Challenge4Application in 8.167 seconds (process running for 9.388)
2023-10-23 22:12:41,548 INFO o.a.j.l.DirectJDKLog [http-nio-8080-exec-1] Initializing Spring DispatcherServlet 'dispatcherServlet'
2023-10-23 22:12:41,548 INFO o.s.w.s.FrameworkServlet [http-nio-8080-exec-1] Initializing Servlet 'dispatcherServlet'
2023-10-23 22:12:41,549 INFO o.s.w.s.FrameworkServlet [http-nio-8080-exec-1] Completed initialization in 1 ms
2023-10-23 22:45:44,157 INFO o.s.o.j.AbstractEntityManagerFactoryBean [SpringApplicationShutdownHook] Closing JPA EntityManagerFactory for persistence unit 'default'
2023-10-23 22:45:44,164 INFO c.z.h.HikariDataSource [SpringApplicationShutdownHook] HikariPool-1 - Shutdown initiated...
2023-10-23 22:45:44,172 INFO c.z.h.HikariDataSource [SpringApplicationShutdownHook] HikariPool-1 - Shutdown completed.
